<?xml version="1.0" encoding="UTF-8"?>
<!-- Generated by org.testng.reporters.JUnitReportReporter -->
<testsuite hostname="HP" failures="0" tests="1" name="testng_practice.TestngutilizationTest" time="8.939" errors="0" timestamp="2022-09-19T16:25:21 IST" skipped="0">
  <testcase classname="testng_practice.TestngutilizationTest" name="Searchbtn" time="8.939"/>
  <system-out>
    <![CDATA[Testcase1 pass]]>
  </system-out>
</testsuite> <!-- testng_practice.TestngutilizationTest -->
