<?xml version="1.0" encoding="UTF-8"?>
<!-- Generated by org.testng.reporters.JUnitReportReporter -->
<testsuite hostname="HP" failures="0" tests="1" name="testng_practice.FetchdatafromcmdTest" time="25.841" errors="0" timestamp="2022-09-20T16:44:16 IST" skipped="0">
  <testcase classname="testng_practice.FetchdatafromcmdTest" name="step1Test" time="25.841"/>
  <system-out/>
</testsuite> <!-- testng_practice.FetchdatafromcmdTest -->
