<?xml version="1.0" encoding="UTF-8"?>
<!-- Generated by org.testng.reporters.JUnitReportReporter -->
<testsuite hostname="HP" failures="0" tests="2" name="testng_practice.Workingtest" time="0.019" errors="0" timestamp="2022-09-12T13:27:24 IST" skipped="0">
  <testcase classname="testng_practice.Workingtest" name="nominee" time="0.014"/>
  <system-out>
    <![CDATA[nominee to be clicked]]>
  </system-out>
  <testcase classname="testng_practice.Workingtest" name="addnominee" time="0.005"/>
  <system-out>
    <![CDATA[nominee to be added]]>
  </system-out>
</testsuite> <!-- testng_practice.Workingtest -->
