<?xml version="1.0" encoding="UTF-8"?>
<!-- Generated by org.testng.reporters.JUnitReportReporter -->
<testsuite hostname="HP" failures="0" tests="3" name="testng_practice.Data_providertest" time="0.017" errors="0" timestamp="2022-09-19T14:57:35 IST" skipped="0">
  <testcase classname="testng_practice.Data_providertest" name="main3Test" time="0.004"/>
  <system-out/>
  <testcase classname="testng_practice.Data_providertest" name="main3Test" time="0.009"/>
  <system-out/>
  <testcase classname="testng_practice.Data_providertest" name="main4Test" time="0.004"/>
  <system-out>
    <![CDATA[Test2]]>
  </system-out>
</testsuite> <!-- testng_practice.Data_providertest -->
