<?xml version="1.0" encoding="UTF-8"?>
<!-- Generated by org.testng.reporters.JUnitReportReporter -->
<testsuite hostname="HP" failures="0" tests="1" name="propertyfile.Property_FilepracticeTest" time="0.034" errors="0" timestamp="2022-09-20T06:39:18 IST" skipped="0">
  <testcase classname="propertyfile.Property_FilepracticeTest" name="Test1" time="0.034"/>
  <system-out/>
</testsuite> <!-- propertyfile.Property_FilepracticeTest -->
