<?xml version="1.0" encoding="UTF-8"?>
<!-- Generated by org.testng.reporters.JUnitReportReporter -->
<testsuite hostname="HP" failures="0" tests="2" name="testng_practice.basictest" time="0.008" errors="0" timestamp="2022-09-12T13:24:04 IST" skipped="0">
  <testcase classname="testng_practice.basictest" name="main2test" time="0.006"/>
  <system-out>
    <![CDATA[test2]]>
  </system-out>
  <testcase classname="testng_practice.basictest" name="main1test" time="0.002"/>
  <system-out>
    <![CDATA[test1]]>
  </system-out>
</testsuite> <!-- testng_practice.basictest -->
