<?xml version="1.0" encoding="UTF-8"?>
<!-- Generated by org.testng.reporters.JUnitReportReporter -->
<testsuite hostname="HP" failures="0" tests="1" name="testng_practice.Paymenttestngtest" time="2.096" errors="0" timestamp="2022-09-19T16:25:21 IST" skipped="0">
  <testcase classname="testng_practice.Paymenttestngtest" name="payment1" time="2.096"/>
  <system-out>
    <![CDATA[Testcase3 pass]]>
  </system-out>
</testsuite> <!-- testng_practice.Paymenttestngtest -->
