<?xml version="1.0" encoding="UTF-8"?>
<!-- Generated by org.testng.reporters.JUnitReportReporter -->
<testsuite hostname="HP" failures="0" tests="1" name="testng_practice.Example1Test" time="0.011" errors="0" timestamp="2022-09-19T18:40:48 IST" skipped="0">
  <testcase classname="testng_practice.Example1Test" name="Test1" time="0.011"/>
  <system-out>
    <![CDATA[example1 passed]]>
  </system-out>
</testsuite> <!-- testng_practice.Example1Test -->
