<?xml version="1.0" encoding="UTF-8"?>
<!-- Generated by org.testng.reporters.JUnitReportReporter -->
<testsuite hostname="HP" failures="0" tests="3" name="testng_practice.Data_provider" time="0.032" errors="0" timestamp="2022-09-19T13:39:32 IST" skipped="0">
  <testcase classname="testng_practice.Data_provider" name="main3Test" time="0.015"/>
  <system-out/>
  <testcase classname="testng_practice.Data_provider" name="main4Test" time="0.006"/>
  <system-out>
    <![CDATA[Test2]]>
  </system-out>
  <testcase classname="testng_practice.Data_provider" name="main3Test" time="0.011"/>
  <system-out/>
</testsuite> <!-- testng_practice.Data_provider -->
