<?xml version="1.0" encoding="UTF-8"?>
<!-- Generated by org.testng.reporters.JUnitReportReporter -->
<testsuite hostname="HP" failures="0" tests="1" name="testng_practice.Basic_Prgtest" time="0.011" errors="0" timestamp="2022-09-12T13:05:49 IST" skipped="0">
  <testcase classname="testng_practice.Basic_Prgtest" name="main8test" time="0.011"/>
  <system-out/>
</testsuite> <!-- testng_practice.Basic_Prgtest -->
